Build started 2022/5/23 0:50:49.
     1>Project "E:\data_comunication_and_networking\Server\Server\Server.vcxproj" on node 2 (build target(s)).
     1>InitializeBuildStatus:
         Creating "Debug\Server.unsuccessfulbuild" because "AlwaysCreate" was specified.
       ClCompile:
         All outputs are up-to-date.
         D:\New Folder (1)\VC\bin\CL.exe /c /ZI /nologo /W3 /WX- /Od /Oy- /D WIN32 /D _DEBUG /D _CONSOLE /D _UNICODE /D UNICODE /Gm /EHsc /RTC1 /MDd /GS /fp:precise /Zc:wchar_t /Zc:forScope /Yu"StdAfx.h" /Fp"Debug\Server.pch" /Fo"Debug\\" /Fd"Debug\vc100.pdb" /Gd /TP /analyze- /errorReport:prompt Server.cpp
         Server.cpp
     1>e:\data_comunication_and_networking\server\server\server.cpp(121): warning C4996: 'itoa': The POSIX name for this item is deprecated. Instead, use the ISO C++ conformant name: _itoa. See online help for details.
                 d:\new folder (1)\vc\include\stdlib.h(867) : see declaration of 'itoa'
     1>e:\data_comunication_and_networking\server\server\server.cpp(125): warning C4996: 'strcpy': This function or variable may be unsafe. Consider using strcpy_s instead. To disable deprecation, use _CRT_SECURE_NO_WARNINGS. See online help for details.
                 d:\new folder (1)\vc\include\string.h(105) : see declaration of 'strcpy'
     1>e:\data_comunication_and_networking\server\server\server.cpp(131): warning C4996: 'strcpy': This function or variable may be unsafe. Consider using strcpy_s instead. To disable deprecation, use _CRT_SECURE_NO_WARNINGS. See online help for details.
                 d:\new folder (1)\vc\include\string.h(105) : see declaration of 'strcpy'
     1>e:\data_comunication_and_networking\server\server\server.cpp(136): warning C4996: 'fopen': This function or variable may be unsafe. Consider using fopen_s instead. To disable deprecation, use _CRT_SECURE_NO_WARNINGS. See online help for details.
                 d:\new folder (1)\vc\include\stdio.h(234) : see declaration of 'fopen'
     1>e:\data_comunication_and_networking\server\server\server.cpp(155): warning C4996: 'strcpy': This function or variable may be unsafe. Consider using strcpy_s instead. To disable deprecation, use _CRT_SECURE_NO_WARNINGS. See online help for details.
                 d:\new folder (1)\vc\include\string.h(105) : see declaration of 'strcpy'
     1>e:\data_comunication_and_networking\server\server\server.cpp(182): warning C4996: 'strcpy': This function or variable may be unsafe. Consider using strcpy_s instead. To disable deprecation, use _CRT_SECURE_NO_WARNINGS. See online help for details.
                 d:\new folder (1)\vc\include\string.h(105) : see declaration of 'strcpy'
     1>e:\data_comunication_and_networking\server\server\server.cpp(198): warning C4996: 'strcpy': This function or variable may be unsafe. Consider using strcpy_s instead. To disable deprecation, use _CRT_SECURE_NO_WARNINGS. See online help for details.
                 d:\new folder (1)\vc\include\string.h(105) : see declaration of 'strcpy'
     1>e:\data_comunication_and_networking\server\server\server.cpp(201): warning C4996: 'strcpy': This function or variable may be unsafe. Consider using strcpy_s instead. To disable deprecation, use _CRT_SECURE_NO_WARNINGS. See online help for details.
                 d:\new folder (1)\vc\include\string.h(105) : see declaration of 'strcpy'
     1>e:\data_comunication_and_networking\server\server\server.cpp(206): warning C4996: 'fopen': This function or variable may be unsafe. Consider using fopen_s instead. To disable deprecation, use _CRT_SECURE_NO_WARNINGS. See online help for details.
                 d:\new folder (1)\vc\include\stdio.h(234) : see declaration of 'fopen'
     1>e:\data_comunication_and_networking\server\server\server.cpp(207): warning C4996: 'fopen': This function or variable may be unsafe. Consider using fopen_s instead. To disable deprecation, use _CRT_SECURE_NO_WARNINGS. See online help for details.
                 d:\new folder (1)\vc\include\stdio.h(234) : see declaration of 'fopen'
     1>e:\data_comunication_and_networking\server\server\server.cpp(214): warning C4996: 'strcpy': This function or variable may be unsafe. Consider using strcpy_s instead. To disable deprecation, use _CRT_SECURE_NO_WARNINGS. See online help for details.
                 d:\new folder (1)\vc\include\string.h(105) : see declaration of 'strcpy'
     1>e:\data_comunication_and_networking\server\server\server.cpp(228): warning C4996: 'strcpy': This function or variable may be unsafe. Consider using strcpy_s instead. To disable deprecation, use _CRT_SECURE_NO_WARNINGS. See online help for details.
                 d:\new folder (1)\vc\include\string.h(105) : see declaration of 'strcpy'
     1>e:\data_comunication_and_networking\server\server\server.cpp(231): warning C4996: 'strcpy': This function or variable may be unsafe. Consider using strcpy_s instead. To disable deprecation, use _CRT_SECURE_NO_WARNINGS. See online help for details.
                 d:\new folder (1)\vc\include\string.h(105) : see declaration of 'strcpy'
     1>e:\data_comunication_and_networking\server\server\server.cpp(235): warning C4996: 'fopen': This function or variable may be unsafe. Consider using fopen_s instead. To disable deprecation, use _CRT_SECURE_NO_WARNINGS. See online help for details.
                 d:\new folder (1)\vc\include\stdio.h(234) : see declaration of 'fopen'
     1>e:\data_comunication_and_networking\server\server\server.cpp(241): warning C4996: 'strcpy': This function or variable may be unsafe. Consider using strcpy_s instead. To disable deprecation, use _CRT_SECURE_NO_WARNINGS. See online help for details.
                 d:\new folder (1)\vc\include\string.h(105) : see declaration of 'strcpy'
     1>e:\data_comunication_and_networking\server\server\server.cpp(249): warning C4996: 'strcpy': This function or variable may be unsafe. Consider using strcpy_s instead. To disable deprecation, use _CRT_SECURE_NO_WARNINGS. See online help for details.
                 d:\new folder (1)\vc\include\string.h(105) : see declaration of 'strcpy'
     1>e:\data_comunication_and_networking\server\server\server.cpp(256): warning C4996: 'fopen': This function or variable may be unsafe. Consider using fopen_s instead. To disable deprecation, use _CRT_SECURE_NO_WARNINGS. See online help for details.
                 d:\new folder (1)\vc\include\stdio.h(234) : see declaration of 'fopen'
     1>e:\data_comunication_and_networking\server\server\server.cpp(262): warning C4996: 'localtime': This function or variable may be unsafe. Consider using localtime_s instead. To disable deprecation, use _CRT_SECURE_NO_WARNINGS. See online help for details.
                 d:\new folder (1)\vc\include\time.inl(112) : see declaration of 'localtime'
     1>e:\data_comunication_and_networking\server\server\server.cpp(269): warning C4996: 'strcat': This function or variable may be unsafe. Consider using strcat_s instead. To disable deprecation, use _CRT_SECURE_NO_WARNINGS. See online help for details.
                 d:\new folder (1)\vc\include\string.h(110) : see declaration of 'strcat'
     1>e:\data_comunication_and_networking\server\server\server.cpp(280): warning C4996: 'fopen': This function or variable may be unsafe. Consider using fopen_s instead. To disable deprecation, use _CRT_SECURE_NO_WARNINGS. See online help for details.
                 d:\new folder (1)\vc\include\stdio.h(234) : see declaration of 'fopen'
     1>e:\data_comunication_and_networking\server\server\server.cpp(296): warning C4996: 'fopen': This function or variable may be unsafe. Consider using fopen_s instead. To disable deprecation, use _CRT_SECURE_NO_WARNINGS. See online help for details.
                 d:\new folder (1)\vc\include\stdio.h(234) : see declaration of 'fopen'
     1>e:\data_comunication_and_networking\server\server\server.cpp(307): warning C4996: 'strtok': This function or variable may be unsafe. Consider using strtok_s instead. To disable deprecation, use _CRT_SECURE_NO_WARNINGS. See online help for details.
                 d:\new folder (1)\vc\include\string.h(197) : see declaration of 'strtok'
     1>e:\data_comunication_and_networking\server\server\server.cpp(309): warning C4996: 'strcpy': This function or variable may be unsafe. Consider using strcpy_s instead. To disable deprecation, use _CRT_SECURE_NO_WARNINGS. See online help for details.
                 d:\new folder (1)\vc\include\string.h(105) : see declaration of 'strcpy'
     1>e:\data_comunication_and_networking\server\server\server.cpp(310): warning C4996: 'strtok': This function or variable may be unsafe. Consider using strtok_s instead. To disable deprecation, use _CRT_SECURE_NO_WARNINGS. See online help for details.
                 d:\new folder (1)\vc\include\string.h(197) : see declaration of 'strtok'
     1>e:\data_comunication_and_networking\server\server\server.cpp(311): warning C4996: 'strcpy': This function or variable may be unsafe. Consider using strcpy_s instead. To disable deprecation, use _CRT_SECURE_NO_WARNINGS. See online help for details.
                 d:\new folder (1)\vc\include\string.h(105) : see declaration of 'strcpy'
     1>e:\data_comunication_and_networking\server\server\server.cpp(312): warning C4996: 'strtok': This function or variable may be unsafe. Consider using strtok_s instead. To disable deprecation, use _CRT_SECURE_NO_WARNINGS. See online help for details.
                 d:\new folder (1)\vc\include\string.h(197) : see declaration of 'strtok'
     1>e:\data_comunication_and_networking\server\server\server.cpp(313): warning C4996: 'strcpy': This function or variable may be unsafe. Consider using strcpy_s instead. To disable deprecation, use _CRT_SECURE_NO_WARNINGS. See online help for details.
                 d:\new folder (1)\vc\include\string.h(105) : see declaration of 'strcpy'
     1>e:\data_comunication_and_networking\server\server\server.cpp(314): warning C4996: 'strtok': This function or variable may be unsafe. Consider using strtok_s instead. To disable deprecation, use _CRT_SECURE_NO_WARNINGS. See online help for details.
                 d:\new folder (1)\vc\include\string.h(197) : see declaration of 'strtok'
     1>e:\data_comunication_and_networking\server\server\server.cpp(315): warning C4996: 'strcpy': This function or variable may be unsafe. Consider using strcpy_s instead. To disable deprecation, use _CRT_SECURE_NO_WARNINGS. See online help for details.
                 d:\new folder (1)\vc\include\string.h(105) : see declaration of 'strcpy'
     1>e:\data_comunication_and_networking\server\server\server.cpp(316): warning C4996: 'strtok': This function or variable may be unsafe. Consider using strtok_s instead. To disable deprecation, use _CRT_SECURE_NO_WARNINGS. See online help for details.
                 d:\new folder (1)\vc\include\string.h(197) : see declaration of 'strtok'
     1>e:\data_comunication_and_networking\server\server\server.cpp(317): warning C4996: 'strcpy': This function or variable may be unsafe. Consider using strcpy_s instead. To disable deprecation, use _CRT_SECURE_NO_WARNINGS. See online help for details.
                 d:\new folder (1)\vc\include\string.h(105) : see declaration of 'strcpy'
     1>e:\data_comunication_and_networking\server\server\server.cpp(318): warning C4996: 'strtok': This function or variable may be unsafe. Consider using strtok_s instead. To disable deprecation, use _CRT_SECURE_NO_WARNINGS. See online help for details.
                 d:\new folder (1)\vc\include\string.h(197) : see declaration of 'strtok'
     1>e:\data_comunication_and_networking\server\server\server.cpp(319): warning C4996: 'strcpy': This function or variable may be unsafe. Consider using strcpy_s instead. To disable deprecation, use _CRT_SECURE_NO_WARNINGS. See online help for details.
                 d:\new folder (1)\vc\include\string.h(105) : see declaration of 'strcpy'
     1>e:\data_comunication_and_networking\server\server\server.cpp(337): warning C4996: 'strcpy': This function or variable may be unsafe. Consider using strcpy_s instead. To disable deprecation, use _CRT_SECURE_NO_WARNINGS. See online help for details.
                 d:\new folder (1)\vc\include\string.h(105) : see declaration of 'strcpy'
     1>e:\data_comunication_and_networking\server\server\server.cpp(342): warning C4996: 'sprintf': This function or variable may be unsafe. Consider using sprintf_s instead. To disable deprecation, use _CRT_SECURE_NO_WARNINGS. See online help for details.
                 d:\new folder (1)\vc\include\stdio.h(371) : see declaration of 'sprintf'
     1>e:\data_comunication_and_networking\server\server\server.cpp(355): warning C4996: 'strcpy': This function or variable may be unsafe. Consider using strcpy_s instead. To disable deprecation, use _CRT_SECURE_NO_WARNINGS. See online help for details.
                 d:\new folder (1)\vc\include\string.h(105) : see declaration of 'strcpy'
     1>e:\data_comunication_and_networking\server\server\server.cpp(358): warning C4996: 'strcpy': This function or variable may be unsafe. Consider using strcpy_s instead. To disable deprecation, use _CRT_SECURE_NO_WARNINGS. See online help for details.
                 d:\new folder (1)\vc\include\string.h(105) : see declaration of 'strcpy'
     1>e:\data_comunication_and_networking\server\server\server.cpp(366): warning C4996: 'strcpy': This function or variable may be unsafe. Consider using strcpy_s instead. To disable deprecation, use _CRT_SECURE_NO_WARNINGS. See online help for details.
                 d:\new folder (1)\vc\include\string.h(105) : see declaration of 'strcpy'
     1>e:\data_comunication_and_networking\server\server\server.cpp(369): warning C4996: 'strcpy': This function or variable may be unsafe. Consider using strcpy_s instead. To disable deprecation, use _CRT_SECURE_NO_WARNINGS. See online help for details.
                 d:\new folder (1)\vc\include\string.h(105) : see declaration of 'strcpy'
     1>e:\data_comunication_and_networking\server\server\server.cpp(374): warning C4996: 'strcpy': This function or variable may be unsafe. Consider using strcpy_s instead. To disable deprecation, use _CRT_SECURE_NO_WARNINGS. See online help for details.
                 d:\new folder (1)\vc\include\string.h(105) : see declaration of 'strcpy'
     1>e:\data_comunication_and_networking\server\server\server.cpp(380): warning C4996: 'strcpy': This function or variable may be unsafe. Consider using strcpy_s instead. To disable deprecation, use _CRT_SECURE_NO_WARNINGS. See online help for details.
                 d:\new folder (1)\vc\include\string.h(105) : see declaration of 'strcpy'
     1>e:\data_comunication_and_networking\server\server\server.cpp(383): warning C4996: 'strcpy': This function or variable may be unsafe. Consider using strcpy_s instead. To disable deprecation, use _CRT_SECURE_NO_WARNINGS. See online help for details.
                 d:\new folder (1)\vc\include\string.h(105) : see declaration of 'strcpy'
     1>e:\data_comunication_and_networking\server\server\server.cpp(384): warning C4996: 'strcpy': This function or variable may be unsafe. Consider using strcpy_s instead. To disable deprecation, use _CRT_SECURE_NO_WARNINGS. See online help for details.
                 d:\new folder (1)\vc\include\string.h(105) : see declaration of 'strcpy'
     1>e:\data_comunication_and_networking\server\server\server.cpp(389): warning C4996: 'sprintf': This function or variable may be unsafe. Consider using sprintf_s instead. To disable deprecation, use _CRT_SECURE_NO_WARNINGS. See online help for details.
                 d:\new folder (1)\vc\include\stdio.h(371) : see declaration of 'sprintf'
     1>e:\data_comunication_and_networking\server\server\server.cpp(393): warning C4996: 'strcpy': This function or variable may be unsafe. Consider using strcpy_s instead. To disable deprecation, use _CRT_SECURE_NO_WARNINGS. See online help for details.
                 d:\new folder (1)\vc\include\string.h(105) : see declaration of 'strcpy'
     1>e:\data_comunication_and_networking\server\server\server.cpp(395): warning C4996: 'strcpy': This function or variable may be unsafe. Consider using strcpy_s instead. To disable deprecation, use _CRT_SECURE_NO_WARNINGS. See online help for details.
                 d:\new folder (1)\vc\include\string.h(105) : see declaration of 'strcpy'
     1>e:\data_comunication_and_networking\server\server\server.cpp(397): warning C4996: 'strcpy': This function or variable may be unsafe. Consider using strcpy_s instead. To disable deprecation, use _CRT_SECURE_NO_WARNINGS. See online help for details.
                 d:\new folder (1)\vc\include\string.h(105) : see declaration of 'strcpy'
     1>e:\data_comunication_and_networking\server\server\server.cpp(399): warning C4996: 'fopen': This function or variable may be unsafe. Consider using fopen_s instead. To disable deprecation, use _CRT_SECURE_NO_WARNINGS. See online help for details.
                 d:\new folder (1)\vc\include\stdio.h(234) : see declaration of 'fopen'
     1>e:\data_comunication_and_networking\server\server\server.cpp(424): warning C4996: 'strcpy': This function or variable may be unsafe. Consider using strcpy_s instead. To disable deprecation, use _CRT_SECURE_NO_WARNINGS. See online help for details.
                 d:\new folder (1)\vc\include\string.h(105) : see declaration of 'strcpy'
     1>e:\data_comunication_and_networking\server\server\server.cpp(445): warning C4996: 'strcpy': This function or variable may be unsafe. Consider using strcpy_s instead. To disable deprecation, use _CRT_SECURE_NO_WARNINGS. See online help for details.
                 d:\new folder (1)\vc\include\string.h(105) : see declaration of 'strcpy'
     1>e:\data_comunication_and_networking\server\server\server.cpp(455): warning C4996: 'sprintf': This function or variable may be unsafe. Consider using sprintf_s instead. To disable deprecation, use _CRT_SECURE_NO_WARNINGS. See online help for details.
                 d:\new folder (1)\vc\include\stdio.h(371) : see declaration of 'sprintf'
     1>e:\data_comunication_and_networking\server\server\server.cpp(459): warning C4996: 'strcpy': This function or variable may be unsafe. Consider using strcpy_s instead. To disable deprecation, use _CRT_SECURE_NO_WARNINGS. See online help for details.
                 d:\new folder (1)\vc\include\string.h(105) : see declaration of 'strcpy'
     1>e:\data_comunication_and_networking\server\server\server.cpp(462): warning C4996: 'fopen': This function or variable may be unsafe. Consider using fopen_s instead. To disable deprecation, use _CRT_SECURE_NO_WARNINGS. See online help for details.
                 d:\new folder (1)\vc\include\stdio.h(234) : see declaration of 'fopen'
     1>e:\data_comunication_and_networking\server\server\server.cpp(490): warning C4996: 'strcpy': This function or variable may be unsafe. Consider using strcpy_s instead. To disable deprecation, use _CRT_SECURE_NO_WARNINGS. See online help for details.
                 d:\new folder (1)\vc\include\string.h(105) : see declaration of 'strcpy'
     1>e:\data_comunication_and_networking\server\server\server.cpp(511): warning C4996: 'strcpy': This function or variable may be unsafe. Consider using strcpy_s instead. To disable deprecation, use _CRT_SECURE_NO_WARNINGS. See online help for details.
                 d:\new folder (1)\vc\include\string.h(105) : see declaration of 'strcpy'
     1>e:\data_comunication_and_networking\server\server\server.cpp(521): warning C4996: 'sprintf': This function or variable may be unsafe. Consider using sprintf_s instead. To disable deprecation, use _CRT_SECURE_NO_WARNINGS. See online help for details.
                 d:\new folder (1)\vc\include\stdio.h(371) : see declaration of 'sprintf'
     1>e:\data_comunication_and_networking\server\server\server.cpp(528): warning C4996: 'strcpy': This function or variable may be unsafe. Consider using strcpy_s instead. To disable deprecation, use _CRT_SECURE_NO_WARNINGS. See online help for details.
                 d:\new folder (1)\vc\include\string.h(105) : see declaration of 'strcpy'
     1>e:\data_comunication_and_networking\server\server\server.cpp(531): warning C4996: 'fopen': This function or variable may be unsafe. Consider using fopen_s instead. To disable deprecation, use _CRT_SECURE_NO_WARNINGS. See online help for details.
                 d:\new folder (1)\vc\include\stdio.h(234) : see declaration of 'fopen'
     1>e:\data_comunication_and_networking\server\server\server.cpp(563): warning C4996: 'fopen': This function or variable may be unsafe. Consider using fopen_s instead. To disable deprecation, use _CRT_SECURE_NO_WARNINGS. See online help for details.
                 d:\new folder (1)\vc\include\stdio.h(234) : see declaration of 'fopen'
     1>e:\data_comunication_and_networking\server\server\server.cpp(576): warning C4996: 'sprintf': This function or variable may be unsafe. Consider using sprintf_s instead. To disable deprecation, use _CRT_SECURE_NO_WARNINGS. See online help for details.
                 d:\new folder (1)\vc\include\stdio.h(371) : see declaration of 'sprintf'
     1>e:\data_comunication_and_networking\server\server\server.cpp(593): warning C4996: 'fopen': This function or variable may be unsafe. Consider using fopen_s instead. To disable deprecation, use _CRT_SECURE_NO_WARNINGS. See online help for details.
                 d:\new folder (1)\vc\include\stdio.h(234) : see declaration of 'fopen'
     1>e:\data_comunication_and_networking\server\server\server.cpp(325): warning C4101: 'msg' : unreferenced local variable
     1>e:\data_comunication_and_networking\server\server\server.cpp(326): warning C4101: 'flag' : unreferenced local variable
     1>e:\data_comunication_and_networking\server\server\server.cpp(441): warning C4101: 'neww' : unreferenced local variable
     1>e:\data_comunication_and_networking\server\server\server.cpp(507): warning C4101: 'neww' : unreferenced local variable
     1>e:\data_comunication_and_networking\server\server\server.cpp(636): warning C4996: 'fopen': This function or variable may be unsafe. Consider using fopen_s instead. To disable deprecation, use _CRT_SECURE_NO_WARNINGS. See online help for details.
                 d:\new folder (1)\vc\include\stdio.h(234) : see declaration of 'fopen'
     1>e:\data_comunication_and_networking\server\server\server.cpp(647): warning C4996: 'strtok': This function or variable may be unsafe. Consider using strtok_s instead. To disable deprecation, use _CRT_SECURE_NO_WARNINGS. See online help for details.
                 d:\new folder (1)\vc\include\string.h(197) : see declaration of 'strtok'
     1>e:\data_comunication_and_networking\server\server\server.cpp(649): warning C4996: 'strcpy': This function or variable may be unsafe. Consider using strcpy_s instead. To disable deprecation, use _CRT_SECURE_NO_WARNINGS. See online help for details.
                 d:\new folder (1)\vc\include\string.h(105) : see declaration of 'strcpy'
     1>e:\data_comunication_and_networking\server\server\server.cpp(650): warning C4996: 'strtok': This function or variable may be unsafe. Consider using strtok_s instead. To disable deprecation, use _CRT_SECURE_NO_WARNINGS. See online help for details.
                 d:\new folder (1)\vc\include\string.h(197) : see declaration of 'strtok'
     1>e:\data_comunication_and_networking\server\server\server.cpp(651): warning C4996: 'strcpy': This function or variable may be unsafe. Consider using strcpy_s instead. To disable deprecation, use _CRT_SECURE_NO_WARNINGS. See online help for details.
                 d:\new folder (1)\vc\include\string.h(105) : see declaration of 'strcpy'
     1>e:\data_comunication_and_networking\server\server\server.cpp(652): warning C4996: 'strtok': This function or variable may be unsafe. Consider using strtok_s instead. To disable deprecation, use _CRT_SECURE_NO_WARNINGS. See online help for details.
                 d:\new folder (1)\vc\include\string.h(197) : see declaration of 'strtok'
     1>e:\data_comunication_and_networking\server\server\server.cpp(653): warning C4996: 'strcpy': This function or variable may be unsafe. Consider using strcpy_s instead. To disable deprecation, use _CRT_SECURE_NO_WARNINGS. See online help for details.
                 d:\new folder (1)\vc\include\string.h(105) : see declaration of 'strcpy'
     1>e:\data_comunication_and_networking\server\server\server.cpp(654): warning C4996: 'strtok': This function or variable may be unsafe. Consider using strtok_s instead. To disable deprecation, use _CRT_SECURE_NO_WARNINGS. See online help for details.
                 d:\new folder (1)\vc\include\string.h(197) : see declaration of 'strtok'
     1>e:\data_comunication_and_networking\server\server\server.cpp(655): warning C4996: 'strcpy': This function or variable may be unsafe. Consider using strcpy_s instead. To disable deprecation, use _CRT_SECURE_NO_WARNINGS. See online help for details.
                 d:\new folder (1)\vc\include\string.h(105) : see declaration of 'strcpy'
     1>e:\data_comunication_and_networking\server\server\server.cpp(656): warning C4996: 'strtok': This function or variable may be unsafe. Consider using strtok_s instead. To disable deprecation, use _CRT_SECURE_NO_WARNINGS. See online help for details.
                 d:\new folder (1)\vc\include\string.h(197) : see declaration of 'strtok'
     1>e:\data_comunication_and_networking\server\server\server.cpp(657): warning C4996: 'strcpy': This function or variable may be unsafe. Consider using strcpy_s instead. To disable deprecation, use _CRT_SECURE_NO_WARNINGS. See online help for details.
                 d:\new folder (1)\vc\include\string.h(105) : see declaration of 'strcpy'
     1>e:\data_comunication_and_networking\server\server\server.cpp(658): warning C4996: 'strtok': This function or variable may be unsafe. Consider using strtok_s instead. To disable deprecation, use _CRT_SECURE_NO_WARNINGS. See online help for details.
                 d:\new folder (1)\vc\include\string.h(197) : see declaration of 'strtok'
     1>e:\data_comunication_and_networking\server\server\server.cpp(659): warning C4996: 'strcpy': This function or variable may be unsafe. Consider using strcpy_s instead. To disable deprecation, use _CRT_SECURE_NO_WARNINGS. See online help for details.
                 d:\new folder (1)\vc\include\string.h(105) : see declaration of 'strcpy'
     1>e:\data_comunication_and_networking\server\server\server.cpp(670): warning C4996: 'strcpy': This function or variable may be unsafe. Consider using strcpy_s instead. To disable deprecation, use _CRT_SECURE_NO_WARNINGS. See online help for details.
                 d:\new folder (1)\vc\include\string.h(105) : see declaration of 'strcpy'
     1>e:\data_comunication_and_networking\server\server\server.cpp(676): warning C4996: 'sprintf': This function or variable may be unsafe. Consider using sprintf_s instead. To disable deprecation, use _CRT_SECURE_NO_WARNINGS. See online help for details.
                 d:\new folder (1)\vc\include\stdio.h(371) : see declaration of 'sprintf'
     1>e:\data_comunication_and_networking\server\server\server.cpp(679): warning C4996: 'strcpy': This function or variable may be unsafe. Consider using strcpy_s instead. To disable deprecation, use _CRT_SECURE_NO_WARNINGS. See online help for details.
                 d:\new folder (1)\vc\include\string.h(105) : see declaration of 'strcpy'
     1>e:\data_comunication_and_networking\server\server\server.cpp(686): warning C4996: 'sprintf': This function or variable may be unsafe. Consider using sprintf_s instead. To disable deprecation, use _CRT_SECURE_NO_WARNINGS. See online help for details.
                 d:\new folder (1)\vc\include\stdio.h(371) : see declaration of 'sprintf'
     1>e:\data_comunication_and_networking\server\server\server.cpp(694): warning C4996: 'sprintf': This function or variable may be unsafe. Consider using sprintf_s instead. To disable deprecation, use _CRT_SECURE_NO_WARNINGS. See online help for details.
                 d:\new folder (1)\vc\include\stdio.h(371) : see declaration of 'sprintf'
     1>e:\data_comunication_and_networking\server\server\server.cpp(702): warning C4996: 'sprintf': This function or variable may be unsafe. Consider using sprintf_s instead. To disable deprecation, use _CRT_SECURE_NO_WARNINGS. See online help for details.
                 d:\new folder (1)\vc\include\stdio.h(371) : see declaration of 'sprintf'
     1>e:\data_comunication_and_networking\server\server\server.cpp(710): warning C4996: 'sprintf': This function or variable may be unsafe. Consider using sprintf_s instead. To disable deprecation, use _CRT_SECURE_NO_WARNINGS. See online help for details.
                 d:\new folder (1)\vc\include\stdio.h(371) : see declaration of 'sprintf'
     1>e:\data_comunication_and_networking\server\server\server.cpp(718): warning C4996: 'sprintf': This function or variable may be unsafe. Consider using sprintf_s instead. To disable deprecation, use _CRT_SECURE_NO_WARNINGS. See online help for details.
                 d:\new folder (1)\vc\include\stdio.h(371) : see declaration of 'sprintf'
     1>e:\data_comunication_and_networking\server\server\server.cpp(664): warning C4101: 'temp' : unreferenced local variable
     1>e:\data_comunication_and_networking\server\server\server.cpp(737): warning C4996: 'fopen': This function or variable may be unsafe. Consider using fopen_s instead. To disable deprecation, use _CRT_SECURE_NO_WARNINGS. See online help for details.
                 d:\new folder (1)\vc\include\stdio.h(234) : see declaration of 'fopen'
     1>e:\data_comunication_and_networking\server\server\server.cpp(754): warning C4996: 'strtok': This function or variable may be unsafe. Consider using strtok_s instead. To disable deprecation, use _CRT_SECURE_NO_WARNINGS. See online help for details.
                 d:\new folder (1)\vc\include\string.h(197) : see declaration of 'strtok'
     1>e:\data_comunication_and_networking\server\server\server.cpp(756): warning C4996: 'strcpy': This function or variable may be unsafe. Consider using strcpy_s instead. To disable deprecation, use _CRT_SECURE_NO_WARNINGS. See online help for details.
                 d:\new folder (1)\vc\include\string.h(105) : see declaration of 'strcpy'
     1>e:\data_comunication_and_networking\server\server\server.cpp(757): warning C4996: 'strtok': This function or variable may be unsafe. Consider using strtok_s instead. To disable deprecation, use _CRT_SECURE_NO_WARNINGS. See online help for details.
                 d:\new folder (1)\vc\include\string.h(197) : see declaration of 'strtok'
     1>e:\data_comunication_and_networking\server\server\server.cpp(758): warning C4996: 'strcpy': This function or variable may be unsafe. Consider using strcpy_s instead. To disable deprecation, use _CRT_SECURE_NO_WARNINGS. See online help for details.
                 d:\new folder (1)\vc\include\string.h(105) : see declaration of 'strcpy'
     1>e:\data_comunication_and_networking\server\server\server.cpp(759): warning C4996: 'strtok': This function or variable may be unsafe. Consider using strtok_s instead. To disable deprecation, use _CRT_SECURE_NO_WARNINGS. See online help for details.
                 d:\new folder (1)\vc\include\string.h(197) : see declaration of 'strtok'
     1>e:\data_comunication_and_networking\server\server\server.cpp(760): warning C4996: 'strcpy': This function or variable may be unsafe. Consider using strcpy_s instead. To disable deprecation, use _CRT_SECURE_NO_WARNINGS. See online help for details.
                 d:\new folder (1)\vc\include\string.h(105) : see declaration of 'strcpy'
     1>e:\data_comunication_and_networking\server\server\server.cpp(761): warning C4996: 'strtok': This function or variable may be unsafe. Consider using strtok_s instead. To disable deprecation, use _CRT_SECURE_NO_WARNINGS. See online help for details.
                 d:\new folder (1)\vc\include\string.h(197) : see declaration of 'strtok'
     1>e:\data_comunication_and_networking\server\server\server.cpp(762): warning C4996: 'strcpy': This function or variable may be unsafe. Consider using strcpy_s instead. To disable deprecation, use _CRT_SECURE_NO_WARNINGS. See online help for details.
                 d:\new folder (1)\vc\include\string.h(105) : see declaration of 'strcpy'
     1>e:\data_comunication_and_networking\server\server\server.cpp(763): warning C4996: 'strtok': This function or variable may be unsafe. Consider using strtok_s instead. To disable deprecation, use _CRT_SECURE_NO_WARNINGS. See online help for details.
                 d:\new folder (1)\vc\include\string.h(197) : see declaration of 'strtok'
     1>e:\data_comunication_and_networking\server\server\server.cpp(764): warning C4996: 'strcpy': This function or variable may be unsafe. Consider using strcpy_s instead. To disable deprecation, use _CRT_SECURE_NO_WARNINGS. See online help for details.
                 d:\new folder (1)\vc\include\string.h(105) : see declaration of 'strcpy'
     1>e:\data_comunication_and_networking\server\server\server.cpp(765): warning C4996: 'strtok': This function or variable may be unsafe. Consider using strtok_s instead. To disable deprecation, use _CRT_SECURE_NO_WARNINGS. See online help for details.
                 d:\new folder (1)\vc\include\string.h(197) : see declaration of 'strtok'
     1>e:\data_comunication_and_networking\server\server\server.cpp(766): warning C4996: 'strcpy': This function or variable may be unsafe. Consider using strcpy_s instead. To disable deprecation, use _CRT_SECURE_NO_WARNINGS. See online help for details.
                 d:\new folder (1)\vc\include\string.h(105) : see declaration of 'strcpy'
       ManifestResourceCompile:
         All outputs are up-to-date.
       Link:
         D:\New Folder (1)\VC\bin\link.exe /ERRORREPORT:PROMPT /OUT:"E:\data_comunication_and_networking\Server\Debug\Server.exe" /INCREMENTAL /NOLOGO ws2_32.lib /MANIFEST /ManifestFile:"Debug\Server.exe.intermediate.manifest" /MANIFESTUAC:"level='asInvoker' uiAccess='false'" /DEBUG /PDB:"E:\data_comunication_and_networking\Server\Debug\Server.pdb" /SUBSYSTEM:CONSOLE /TLBID:1 /DYNAMICBASE /NXCOMPAT /IMPLIB:"E:\data_comunication_and_networking\Server\Debug\Server.lib" /MACHINE:X86 Debug\Server.exe.embed.manifest.res
         Debug\Server.obj
         Debug\stdafx.obj
       Manifest:
         C:\Program Files (x86)\Microsoft SDKs\Windows\v7.0A\bin\mt.exe /nologo /verbose /out:"Debug\Server.exe.embed.manifest" /manifest Debug\Server.exe.intermediate.manifest
         All outputs are up-to-date.
       LinkEmbedManifest:
         All outputs are up-to-date.
         Server.vcxproj -> E:\data_comunication_and_networking\Server\Debug\Server.exe
       FinalizeBuildStatus:
         Deleting file "Debug\Server.unsuccessfulbuild".
         Touching "Debug\Server.lastbuildstate".
     1>Done Building Project "E:\data_comunication_and_networking\Server\Server\Server.vcxproj" (build target(s)).

Build succeeded.

Time Elapsed 00:00:28.71
